{"E:\\repos\\diversos\\semanajsexpert6\\spotify-streamdeck\\server\\config.js": {"path":"E:\\repos\\diversos\\semanajsexpert6\\spotify-streamdeck\\server\\config.js","statementMap":{"0":{"start":{"line":4,"column":19},"end":{"line":4,"column":58}},"1":{"start":{"line":5,"column":13},"end":{"line":5,"column":36}},"2":{"start":{"line":6,"column":23},"end":{"line":6,"column":42}},"3":{"start":{"line":7,"column":24},"end":{"line":7,"column":44}}},"fnMap":{},"branchMap":{"0":{"loc":{"start":{"line":10,"column":9},"end":{"line":10,"column":33}},"type":"binary-expr","locations":[{"start":{"line":10,"column":9},"end":{"line":10,"column":25}},{"start":{"line":10,"column":29},"end":{"line":10,"column":33}}],"line":10}},"s":{"0":3,"1":3,"2":3,"3":3},"f":{},"b":{"0":[3,3]},"_coverageSchema":"1a1c01bbd47fc00a2c39e90264f33305004495a9","hash":"496e6f26804e98217a7c5a7b2064eb90b73a6fb8"}
,"E:\\repos\\diversos\\semanajsexpert6\\spotify-streamdeck\\server\\controller.js": {"path":"E:\\repos\\diversos\\semanajsexpert6\\spotify-streamdeck\\server\\controller.js","statementMap":{"0":{"start":{"line":5,"column":6},"end":{"line":5,"column":34}},"1":{"start":{"line":9,"column":6},"end":{"line":9,"column":49}}},"fnMap":{"0":{"name":"(anonymous_0)","decl":{"start":{"line":4,"column":3},"end":{"line":4,"column":4}},"loc":{"start":{"line":4,"column":17},"end":{"line":6,"column":4}},"line":4},"1":{"name":"(anonymous_1)","decl":{"start":{"line":8,"column":3},"end":{"line":8,"column":4}},"loc":{"start":{"line":8,"column":33},"end":{"line":10,"column":4}},"line":8}},"branchMap":{},"s":{"0":2,"1":1},"f":{"0":2,"1":1},"b":{},"_coverageSchema":"1a1c01bbd47fc00a2c39e90264f33305004495a9","hash":"fa0562a1571f80bb6c7835c1d5b731597a9b90d1"}
,"E:\\repos\\diversos\\semanajsexpert6\\spotify-streamdeck\\server\\routes.js": {"path":"E:\\repos\\diversos\\semanajsexpert6\\spotify-streamdeck\\server\\routes.js","statementMap":{"0":{"start":{"line":14,"column":4},"end":{"line":14,"column":10}},"1":{"start":{"line":16,"column":19},"end":{"line":16,"column":35}},"2":{"start":{"line":20,"column":27},"end":{"line":20,"column":34}},"3":{"start":{"line":22,"column":3},"end":{"line":28,"column":4}},"4":{"start":{"line":23,"column":6},"end":{"line":25,"column":8}},"5":{"start":{"line":27,"column":6},"end":{"line":27,"column":27}},"6":{"start":{"line":30,"column":3},"end":{"line":40,"column":4}},"7":{"start":{"line":34,"column":10},"end":{"line":34,"column":50}},"8":{"start":{"line":39,"column":6},"end":{"line":39,"column":34}},"9":{"start":{"line":42,"column":3},"end":{"line":52,"column":4}},"10":{"start":{"line":46,"column":10},"end":{"line":46,"column":56}},"11":{"start":{"line":51,"column":6},"end":{"line":51,"column":34}},"12":{"start":{"line":55,"column":3},"end":{"line":68,"column":4}},"13":{"start":{"line":59,"column":10},"end":{"line":59,"column":45}},"14":{"start":{"line":61,"column":26},"end":{"line":61,"column":44}},"15":{"start":{"line":62,"column":6},"end":{"line":66,"column":7}},"16":{"start":{"line":63,"column":9},"end":{"line":65,"column":11}},"17":{"start":{"line":67,"column":6},"end":{"line":67,"column":34}},"18":{"start":{"line":72,"column":3},"end":{"line":72,"column":26}},"19":{"start":{"line":73,"column":3},"end":{"line":73,"column":24}},"20":{"start":{"line":77,"column":3},"end":{"line":85,"column":4}},"21":{"start":{"line":78,"column":6},"end":{"line":78,"column":51}},"22":{"start":{"line":79,"column":6},"end":{"line":79,"column":29}},"23":{"start":{"line":80,"column":6},"end":{"line":80,"column":27}},"24":{"start":{"line":82,"column":6},"end":{"line":82,"column":56}},"25":{"start":{"line":83,"column":6},"end":{"line":83,"column":29}},"26":{"start":{"line":84,"column":6},"end":{"line":84,"column":27}},"27":{"start":{"line":90,"column":3},"end":{"line":92,"column":51}},"28":{"start":{"line":92,"column":22},"end":{"line":92,"column":50}}},"fnMap":{"0":{"name":"routes","decl":{"start":{"line":19,"column":15},"end":{"line":19,"column":21}},"loc":{"start":{"line":19,"column":41},"end":{"line":74,"column":1}},"line":19},"1":{"name":"handleError","decl":{"start":{"line":76,"column":9},"end":{"line":76,"column":20}},"loc":{"start":{"line":76,"column":38},"end":{"line":86,"column":1}},"line":76},"2":{"name":"handler","decl":{"start":{"line":88,"column":16},"end":{"line":88,"column":23}},"loc":{"start":{"line":88,"column":43},"end":{"line":93,"column":1}},"line":88},"3":{"name":"(anonymous_3)","decl":{"start":{"line":92,"column":13},"end":{"line":92,"column":14}},"loc":{"start":{"line":92,"column":22},"end":{"line":92,"column":50}},"line":92}},"branchMap":{"0":{"loc":{"start":{"line":22,"column":3},"end":{"line":28,"column":4}},"type":"if","locations":[{"start":{"line":22,"column":3},"end":{"line":28,"column":4}},{"start":{},"end":{}}],"line":22},"1":{"loc":{"start":{"line":22,"column":7},"end":{"line":22,"column":38}},"type":"binary-expr","locations":[{"start":{"line":22,"column":7},"end":{"line":22,"column":23}},{"start":{"line":22,"column":27},"end":{"line":22,"column":38}}],"line":22},"2":{"loc":{"start":{"line":30,"column":3},"end":{"line":40,"column":4}},"type":"if","locations":[{"start":{"line":30,"column":3},"end":{"line":40,"column":4}},{"start":{},"end":{}}],"line":30},"3":{"loc":{"start":{"line":30,"column":7},"end":{"line":30,"column":42}},"type":"binary-expr","locations":[{"start":{"line":30,"column":7},"end":{"line":30,"column":23}},{"start":{"line":30,"column":27},"end":{"line":30,"column":42}}],"line":30},"4":{"loc":{"start":{"line":42,"column":3},"end":{"line":52,"column":4}},"type":"if","locations":[{"start":{"line":42,"column":3},"end":{"line":52,"column":4}},{"start":{},"end":{}}],"line":42},"5":{"loc":{"start":{"line":42,"column":7},"end":{"line":42,"column":48}},"type":"binary-expr","locations":[{"start":{"line":42,"column":7},"end":{"line":42,"column":23}},{"start":{"line":42,"column":27},"end":{"line":42,"column":48}}],"line":42},"6":{"loc":{"start":{"line":55,"column":3},"end":{"line":68,"column":4}},"type":"if","locations":[{"start":{"line":55,"column":3},"end":{"line":68,"column":4}},{"start":{},"end":{}}],"line":55},"7":{"loc":{"start":{"line":62,"column":6},"end":{"line":66,"column":7}},"type":"if","locations":[{"start":{"line":62,"column":6},"end":{"line":66,"column":7}},{"start":{},"end":{}}],"line":62},"8":{"loc":{"start":{"line":77,"column":3},"end":{"line":85,"column":4}},"type":"if","locations":[{"start":{"line":77,"column":3},"end":{"line":85,"column":4}},{"start":{"line":81,"column":10},"end":{"line":85,"column":4}}],"line":77}},"s":{"0":1,"1":1,"2":8,"3":8,"4":1,"5":1,"6":7,"7":1,"8":1,"9":6,"10":1,"11":1,"12":5,"13":4,"14":2,"15":2,"16":1,"17":2,"18":1,"19":1,"20":2,"21":1,"22":1,"23":1,"24":1,"25":1,"26":1,"27":8,"28":2},"f":{"0":8,"1":2,"2":8,"3":2},"b":{"0":[1,7],"1":[8,7],"2":[1,6],"3":[7,6],"4":[1,5],"5":[6,5],"6":[4,1],"7":[1,1],"8":[1,1]},"_coverageSchema":"1a1c01bbd47fc00a2c39e90264f33305004495a9","hash":"790af3577bee4f3dbc5275c6a2bf973b4ea8d1a3"}
,"E:\\repos\\diversos\\semanajsexpert6\\spotify-streamdeck\\server\\service.js": {"path":"E:\\repos\\diversos\\semanajsexpert6\\spotify-streamdeck\\server\\service.js","statementMap":{"0":{"start":{"line":6,"column":37},"end":{"line":6,"column":43}},"1":{"start":{"line":10,"column":6},"end":{"line":10,"column":42}},"2":{"start":{"line":15,"column":27},"end":{"line":15,"column":54}},"3":{"start":{"line":16,"column":23},"end":{"line":16,"column":44}},"4":{"start":{"line":19,"column":6},"end":{"line":19,"column":43}},"5":{"start":{"line":21,"column":6},"end":{"line":24,"column":7}},"6":{"start":{"line":31,"column":10},"end":{"line":31,"column":38}},"7":{"start":{"line":32,"column":6},"end":{"line":35,"column":7}}},"fnMap":{"0":{"name":"(anonymous_0)","decl":{"start":{"line":9,"column":3},"end":{"line":9,"column":4}},"loc":{"start":{"line":9,"column":30},"end":{"line":11,"column":4}},"line":9},"1":{"name":"(anonymous_1)","decl":{"start":{"line":13,"column":3},"end":{"line":13,"column":4}},"loc":{"start":{"line":13,"column":27},"end":{"line":25,"column":4}},"line":13},"2":{"name":"(anonymous_2)","decl":{"start":{"line":27,"column":3},"end":{"line":27,"column":4}},"loc":{"start":{"line":27,"column":29},"end":{"line":36,"column":4}},"line":27}},"branchMap":{},"s":{"0":3,"1":1,"2":1,"3":1,"4":1,"5":1,"6":1,"7":1},"f":{"0":1,"1":1,"2":1},"b":{},"_coverageSchema":"1a1c01bbd47fc00a2c39e90264f33305004495a9","hash":"f06f81f0007b652a3ce5dbc7ef3c10a3746f5dd5"}
,"E:\\repos\\diversos\\semanajsexpert6\\spotify-streamdeck\\server\\util.js": {"path":"E:\\repos\\diversos\\semanajsexpert6\\spotify-streamdeck\\server\\util.js","statementMap":{"0":{"start":{"line":3,"column":12},"end":{"line":11,"column":2}},"1":{"start":{"line":13,"column":22},"end":{"line":13,"column":25}}},"fnMap":{},"branchMap":{},"s":{"0":1,"1":1},"f":{},"b":{},"_coverageSchema":"1a1c01bbd47fc00a2c39e90264f33305004495a9","hash":"920ab52f99346e79d99c4b5ea34a1f0792e90f94"}
}
