TN:
SF:server\config.js
FNF:0
FNH:0
DA:4,3
DA:5,3
DA:6,3
DA:7,3
LF:4
LH:4
BRDA:10,0,0,3
BRDA:10,0,1,3
BRF:2
BRH:2
end_of_record
TN:
SF:server\controller.js
FN:4,(anonymous_0)
FN:8,(anonymous_1)
FNF:2
FNH:2
FNDA:2,(anonymous_0)
FNDA:1,(anonymous_1)
DA:5,2
DA:9,1
LF:2
LH:2
BRF:0
BRH:0
end_of_record
TN:
SF:server\routes.js
FN:19,routes
FN:76,handleError
FN:88,handler
FN:92,(anonymous_3)
FNF:4
FNH:4
FNDA:8,routes
FNDA:2,handleError
FNDA:8,handler
FNDA:2,(anonymous_3)
DA:14,1
DA:16,1
DA:20,8
DA:22,8
DA:23,1
DA:27,1
DA:30,7
DA:34,1
DA:39,1
DA:42,6
DA:46,1
DA:51,1
DA:55,5
DA:59,4
DA:61,2
DA:62,2
DA:63,1
DA:67,2
DA:72,1
DA:73,1
DA:77,2
DA:78,1
DA:79,1
DA:80,1
DA:82,1
DA:83,1
DA:84,1
DA:90,8
DA:92,2
LF:29
LH:29
BRDA:22,0,0,1
BRDA:22,0,1,7
BRDA:22,1,0,8
BRDA:22,1,1,7
BRDA:30,2,0,1
BRDA:30,2,1,6
BRDA:30,3,0,7
BRDA:30,3,1,6
BRDA:42,4,0,1
BRDA:42,4,1,5
BRDA:42,5,0,6
BRDA:42,5,1,5
BRDA:55,6,0,4
BRDA:55,6,1,1
BRDA:62,7,0,1
BRDA:62,7,1,1
BRDA:77,8,0,1
BRDA:77,8,1,1
BRF:18
BRH:18
end_of_record
TN:
SF:server\service.js
FN:9,(anonymous_0)
FN:13,(anonymous_1)
FN:27,(anonymous_2)
FNF:3
FNH:3
FNDA:1,(anonymous_0)
FNDA:1,(anonymous_1)
FNDA:1,(anonymous_2)
DA:6,3
DA:10,1
DA:15,1
DA:16,1
DA:19,1
DA:21,1
DA:31,1
DA:32,1
LF:8
LH:8
BRF:0
BRH:0
end_of_record
TN:
SF:server\util.js
FNF:0
FNH:0
DA:3,1
DA:13,1
LF:2
LH:2
BRF:0
BRH:0
end_of_record
